/System/Library/Frameworks/Ruby.framework/Versions/1.8/usr/bin/ruby extconf.rb install rmagick
checking for Ruby version >= 1.8.2... yes
checking for gcc... yes
checking for Magick-config... yes
checking for ImageMagick version >= 6.3.0... no
Can't install RMagick 2.7.0. You must have ImageMagick 6.3.0 or later.

*** extconf.rb failed ***
Could not create Makefile due to some reason, probably lack of
necessary libraries and/or headers.  Check the mkmf.log file for more
details.  You may need configuration options.

Provided configuration options:
	--with-opt-dir
	--without-opt-dir
	--with-opt-include
	--without-opt-include=${opt-dir}/include
	--with-opt-lib
	--without-opt-lib=${opt-dir}/lib
	--with-make-prog
	--without-make-prog
	--srcdir=.
	--curdir
	--ruby=/System/Library/Frameworks/Ruby.framework/Versions/1.8/usr/bin/ruby
